[0m07:08:52.028630 [debug] [MainThread]: Sending event: {'category': 'dbt', 'action': 'invocation', 'label': 'start', 'context': [<snowplow_tracker.self_describing_json.SelfDescribingJson object at 0x7fae22ecaf60>, <snowplow_tracker.self_describing_json.SelfDescribingJson object at 0x7fae220cca70>, <snowplow_tracker.self_describing_json.SelfDescribingJson object at 0x7fae23791c10>]}


============================== 07:08:52.032011 | 6d96467e-9b62-4639-b67e-207cb7cbc818 ==============================
[0m07:08:52.032011 [info ] [MainThread]: Running with dbt=1.8.7
[0m07:08:52.032870 [debug] [MainThread]: running dbt with arguments {'printer_width': '80', 'indirect_selection': 'eager', 'log_cache_events': 'False', 'write_json': 'True', 'partial_parse': 'True', 'cache_selected_only': 'False', 'warn_error': 'None', 'version_check': 'True', 'profiles_dir': '/home/uchemadu/.dbt', 'log_path': 'logs', 'debug': 'False', 'fail_fast': 'False', 'use_colors': 'True', 'use_experimental_parser': 'False', 'empty': 'None', 'quiet': 'False', 'no_print': 'None', 'log_format': 'default', 'introspect': 'True', 'warn_error_options': 'WarnErrorOptions(include=[], exclude=[])', 'invocation_command': 'dbt init', 'target_path': 'None', 'static_parser': 'True', 'send_anonymous_usage_stats': 'True'}
[0m07:08:52.041848 [warn ] [MainThread]: [ConfigFolderDirectory]: Unable to parse dict {'dir': PosixPath('/home/uchemadu/.dbt')}
[0m07:08:52.042325 [info ] [MainThread]: Creating dbt configuration folder at 
[0m07:09:28.879109 [debug] [MainThread]: Starter project path: /home/uchemadu/dbt_airflow/venv/lib/python3.12/site-packages/dbt/include/starter_project
[0m07:09:28.881949 [info ] [MainThread]: 
Your new dbt project "cosmosproject" was created!

For more information on how to configure the profiles.yml file,
please consult the dbt documentation here:

  https://docs.getdbt.com/docs/configure-your-profile

One more thing:

Need help? Don't hesitate to reach out to us via GitHub issues or on Slack:

  https://community.getdbt.com/

Happy modeling!

[0m07:09:28.882523 [info ] [MainThread]: Setting up your profile.
[0m07:20:00.135334 [info ] [MainThread]: Profile cosmosproject written to /home/uchemadu/.dbt/profiles.yml using target's profile_template.yml and your supplied values. Run 'dbt debug' to validate the connection.
[0m07:20:00.648297 [debug] [MainThread]: Resource report: {"command_name": "init", "command_success": true, "command_wall_clock_time": 668.6717, "process_user_time": 2.033372, "process_kernel_time": 0.143378, "process_mem_max_rss": "113452", "process_in_blocks": "48", "process_out_blocks": "88"}
[0m07:20:00.649319 [debug] [MainThread]: Command `dbt init` succeeded at 07:20:00.649134 after 668.67 seconds
[0m07:20:00.650041 [debug] [MainThread]: Sending event: {'category': 'dbt', 'action': 'invocation', 'label': 'end', 'context': [<snowplow_tracker.self_describing_json.SelfDescribingJson object at 0x7fae2142c290>, <snowplow_tracker.self_describing_json.SelfDescribingJson object at 0x7fae20e72cf0>, <snowplow_tracker.self_describing_json.SelfDescribingJson object at 0x7fae2112dd30>]}
[0m07:20:00.650600 [debug] [MainThread]: Flushing usage events
